
Showing logs for build [32mablazleon-try-master-release-8z7jx-2[0m stage [32mfrom-build-pack[0m and container [32mcredential-initializer[0m
{"level":"info","ts":1595962825.8087344,"caller":"creds-init/main.go:44","msg":"Credentials initialized."}

Showing logs for build [32mablazleon-try-master-release-8z7jx-2[0m stage [32mfrom-build-pack[0m and container [32mworking-dir-initializer[0m

Showing logs for build [32mablazleon-try-master-release-8z7jx-2[0m stage [32mfrom-build-pack[0m and container [32mplace-tools[0m

Showing logs for build [32mablazleon-try-master-release-8z7jx-2[0m stage [32mfrom-build-pack[0m and container [32mstep-git-source-ablazleon-try-master-release-8z7jx-rt4rx[0m
{"level":"info","ts":1595962835.1587865,"caller":"git/git.go:105","msg":"Successfully cloned https://github.com/*********/try.git @ v0.0.2 in path /workspace/source"}
{"level":"warn","ts":1595962835.1589277,"caller":"git/git.go:152","msg":"Unexpected error: creating symlink: symlink /tekton/home/.ssh /root/.ssh: file exists"}
{"level":"info","ts":1595962835.2201114,"caller":"git/git.go:133","msg":"Successfully initialized and updated submodules in path /workspace/source"}

Showing logs for build [32mablazleon-try-master-release-8z7jx-2[0m stage [32mfrom-build-pack[0m and container [32mstep-setup-builder-home[0m

Showing logs for build [32mablazleon-try-master-release-8z7jx-2[0m stage [32mfrom-build-pack[0m and container [32mstep-git-merge[0m
Using SHAs from PULL_REFS=master:2d3cdd627d254eeb5e84339ac514313fef205b46
WARNING: no SHAs to merge, falling back to initial cloned commit

Showing logs for build [32mablazleon-try-master-release-8z7jx-2[0m stage [32mfrom-build-pack[0m and container [32mstep-setup-jx-git-credentials[0m
Generated Git credentials file /workspace/xdg_config/git/credentials

Showing logs for build [32mablazleon-try-master-release-8z7jx-2[0m stage [32mfrom-build-pack[0m and container [32mstep-build-npmrc[0m
WARNING: failed to find Secret npm-token in namespace **

Showing logs for build [32mablazleon-try-master-release-8z7jx-2[0m stage [32mfrom-build-pack[0m and container [32mstep-build-npm-install[0m
npm ERR! file /workspace/source/package.json
npm ERR! code EJSONPARSE
npm ERR! JSON.parse Failed to parse json
npm ERR! JSON.parse Unexpected string in JSON at position 237 while parsing '{
npm ERR! JSON.parse   "name": "udagram-frontend",
npm ERR! JSON.parse   "versi'
npm ERR! JSON.parse Failed to parse package.json data.
npm ERR! JSON.parse package.json must be actual JSON, not just JavaScript.

npm ERR! A complete log of this run can be found in:
npm ERR!     /tekton/home/.npm/_logs/2020-07-28T19_00_40_382Z-debug.log
[31m
Pipeline failed on stage 'from-build-pack' : container 'step-build-npm-install'. The execution of the pipeline has stopped.[0m
